[debug] [2022-02-14T04:14:55.069Z] ----------------------------------------------------------------------
[debug] [2022-02-14T04:14:55.071Z] Command:       C:\Program Files\nodejs\node.exe C:\Users\sophe\AppData\Roaming\npm\node_modules\firebase-tools\lib\bin\firebase.js init
[debug] [2022-02-14T04:14:55.072Z] CLI Version:   10.2.0
[debug] [2022-02-14T04:14:55.072Z] Platform:      win32
[debug] [2022-02-14T04:14:55.072Z] Node Version:  v16.14.0
[debug] [2022-02-14T04:14:55.073Z] Time:          Mon Feb 14 2022 11:14:55 GMT+0700 (Indochina Time)
[debug] [2022-02-14T04:14:55.073Z] ----------------------------------------------------------------------
[debug] 
[debug] [2022-02-14T04:14:55.155Z] > command requires scopes: ["email","openid","https://www.googleapis.com/auth/cloudplatformprojects.readonly","https://www.googleapis.com/auth/firebase","https://www.googleapis.com/auth/cloud-platform"]
[debug] [2022-02-14T04:14:55.155Z] > authorizing via signed-in user (sophearithsaing123@gmail.com)
[info] 
     ######## #### ########  ######## ########     ###     ######  ########
     ##        ##  ##     ## ##       ##     ##  ##   ##  ##       ##
     ######    ##  ########  ######   ########  #########  ######  ######
     ##        ##  ##    ##  ##       ##     ## ##     ##       ## ##
     ##       #### ##     ## ######## ########  ##     ##  ######  ########

You're about to initialize a Firebase project in this directory:

  F:\Code\angular-media-journal

Before we get started, keep in mind:

  * You are initializing within an existing Firebase project directory

[info] 
=== Project Setup
[info] 
[info] First, let's associate this project directory with a Firebase project.
[info] You can create multiple project aliases by running firebase use --add, 
[info] but for now we'll just set up a default project.
[info] 
[debug] [2022-02-14T04:15:17.032Z] Using project from CLI flag: movie-journal-ee8c8
[debug] [2022-02-14T04:15:17.037Z] > refreshing access token with scopes: []
[debug] [2022-02-14T04:15:17.038Z] >>> HTTP REQUEST POST https://www.googleapis.com/oauth2/v3/token  
 <request body omitted>
[debug] [2022-02-14T04:15:17.335Z] <<< HTTP RESPONSE 200 {"cache-control":"no-cache, no-store, max-age=0, must-revalidate","pragma":"no-cache","date":"Mon, 14 Feb 2022 04:15:17 GMT","expires":"Mon, 01 Jan 1990 00:00:00 GMT","content-type":"application/json; charset=utf-8","vary":"X-Origin, Referer, Origin,Accept-Encoding","server":"scaffolding on HTTPServer2","x-xss-protection":"0","x-frame-options":"SAMEORIGIN","x-content-type-options":"nosniff","alt-svc":"h3=\":443\"; ma=2592000,h3-29=\":443\"; ma=2592000,h3-Q050=\":443\"; ma=2592000,h3-Q046=\":443\"; ma=2592000,h3-Q043=\":443\"; ma=2592000,quic=\":443\"; ma=2592000; v=\"46,43\"","accept-ranges":"none","transfer-encoding":"chunked"}
[debug] [2022-02-14T04:15:17.349Z] >>> [apiv2][query] GET https://firebase.googleapis.com/v1beta1/projects/movie-journal-ee8c8 [none]
[debug] [2022-02-14T04:15:17.787Z] <<< [apiv2][status] GET https://firebase.googleapis.com/v1beta1/projects/movie-journal-ee8c8 200
[debug] [2022-02-14T04:15:17.788Z] <<< [apiv2][body] GET https://firebase.googleapis.com/v1beta1/projects/movie-journal-ee8c8 {"projectId":"movie-journal-ee8c8","projectNumber":"778186559787","displayName":"movie-journal","name":"projects/movie-journal-ee8c8","resources":{"hostingSite":"movie-journal-ee8c8","storageBucket":"movie-journal-ee8c8.appspot.com","locationId":"asia-southeast1"},"state":"ACTIVE"}
[info] i  Using project movie-journal-ee8c8 (movie-journal) 
[info] 
=== Hosting Setup
[info] 
[info] Your public directory is the folder (relative to your project directory) that
[info] will contain Hosting assets to be uploaded with firebase deploy. If you
[info] have a build process for your assets, use your build's output directory.
[info] 
[debug] [2022-02-14T04:15:30.275Z] >>> [apiv2][query] GET https://www.gstatic.com/firebasejs/releases.json [none]
[debug] [2022-02-14T04:15:30.453Z] <<< [apiv2][status] GET https://www.gstatic.com/firebasejs/releases.json 200
[debug] [2022-02-14T04:15:30.454Z] <<< [apiv2][body] GET https://www.gstatic.com/firebasejs/releases.json {"current":{"version":"9.6.6","browserURL":"https://www.gstatic.com/firebasejs/9.6.6/firebase.js","packageURL":"https://www.gstatic.com/firebasejs/9.6.6/firebase.tgz"},"live":{"version":"9.6","browserURL":"https://www.gstatic.com/firebasejs/live/9.6/firebase.js","packageURL":"https://www.gstatic.com/firebasejs/live/9.6/firebase.tgz"},"components":{"analytics":"https://www.gstatic.com/firebasejs/9.6.6/firebase-analytics.js","app":"https://www.gstatic.com/firebasejs/9.6.6/firebase-app.js","app-check":"https://www.gstatic.com/firebasejs/9.6.6/firebase-app-check.js","auth":"https://www.gstatic.com/firebasejs/9.6.6/firebase-auth.js","auth/cordova":"https://www.gstatic.com/firebasejs/9.6.6/firebase-auth/cordova.js","auth/react-native":"https://www.gstatic.com/firebasejs/9.6.6/firebase-auth/react-native.js","functions":"https://www.gstatic.com/firebasejs/9.6.6/firebase-functions.js","firestore":"https://www.gstatic.com/firebasejs/9.6.6/firebase-firestore.js","firestore/lite":"https://www.gstatic.com/firebasejs/9.6.6/firebase-firestore/lite.js","storage":"https://www.gstatic.com/firebasejs/9.6.6/firebase-storage.js","performance":"https://www.gstatic.com/firebasejs/9.6.6/firebase-performance.js","remote-config":"https://www.gstatic.com/firebasejs/9.6.6/firebase-remote-config.js","messaging":"https://www.gstatic.com/firebasejs/9.6.6/firebase-messaging.js","messaging/sw":"https://www.gstatic.com/firebasejs/9.6.6/firebase-messaging/sw.js","database":"https://www.gstatic.com/firebasejs/9.6.6/firebase-database.js","firestore.memory":"https://www.gstatic.com/firebasejs/9.6.6/firebase-firestore.memory.js"}}
[info] +  Wrote public/index.html 
[info] 
[info] i  Detected a .git folder at F:\Code\angular-media-journal 
[info] i  Authorizing with GitHub to upload your service account to a GitHub repository's secrets store. 
[info] 
[info] Visit this URL on this device to log in:
[info] https://github.com/login/oauth/authorize?client_id=89cf50f02ac6aaed3484&state=1002949743&redirect_uri=http%3A%2F%2Flocalhost%3A9005&scope=read%3Auser%20repo%20public_repo
[info] 
[info] Waiting for authentication...
[debug] [2022-02-14T04:15:31.502Z] >>> HTTP REQUEST POST https://github.com/login/oauth/access_token  
 {"client_id":"89cf50f02ac6aaed3484","client_secret":"3330d14abc895d9a74d5f17cd7a00711fa2c5bf0","code":"1234882b42822f4b39fb","redirect_uri":"http://localhost:9005","state":"1002949743"}
[debug] [2022-02-14T04:15:32.055Z] <<< HTTP RESPONSE 200 {"server":"GitHub.com","date":"Mon, 14 Feb 2022 04:15:32 GMT","content-type":"application/json; charset=utf-8","transfer-encoding":"chunked","vary":"X-PJAX, X-PJAX-Container, Accept-Encoding, Accept, X-Requested-With","permissions-policy":"interest-cohort=()","etag":"W/\"4812983c2c97305fd1176c8f5752832b\"","cache-control":"max-age=0, private, must-revalidate","strict-transport-security":"max-age=31536000; includeSubdomains; preload","x-frame-options":"deny","x-content-type-options":"nosniff","x-xss-protection":"0","referrer-policy":"origin-when-cross-origin, strict-origin-when-cross-origin","expect-ct":"max-age=2592000, report-uri=\"https://api.github.com/_private/browser/errors\"","content-security-policy":"default-src 'none'; base-uri 'self'; block-all-mixed-content; child-src github.com/assets-cdn/worker/ gist.github.com/assets-cdn/worker/; connect-src 'self' uploads.github.com objects-origin.githubusercontent.com www.githubstatus.com collector.githubapp.com collector.github.com api.github.com github-cloud.s3.amazonaws.com github-production-repository-file-5c1aeb.s3.amazonaws.com github-production-upload-manifest-file-7fdce7.s3.amazonaws.com github-production-user-asset-6210df.s3.amazonaws.com cdn.optimizely.com logx.optimizely.com/v1/events translator.github.com wss://alive.github.com; font-src github.githubassets.com; form-action 'self' github.com gist.github.com objects-origin.githubusercontent.com; frame-ancestors 'none'; frame-src render.githubusercontent.com viewscreen.githubusercontent.com notebooks.githubusercontent.com; img-src 'self' data: github.githubassets.com identicons.github.com collector.githubapp.com collector.github.com github-cloud.s3.amazonaws.com secured-user-images.githubusercontent.com/ *.githubusercontent.com; manifest-src 'self'; media-src github.com user-images.githubusercontent.com/; script-src github.githubassets.com; style-src 'unsafe-inline' github.githubassets.com; worker-src github.com/assets-cdn/worker/ gist.github.com/assets-cdn/worker/","x-github-request-id":"F3CD:3ECF:32A676:405EA8:6209D764"}
[debug] [2022-02-14T04:15:32.070Z] >>> [apiv2][query] GET https://api.github.com/user [none]
[debug] [2022-02-14T04:15:32.773Z] <<< [apiv2][status] GET https://api.github.com/user 200
[debug] [2022-02-14T04:15:32.774Z] <<< [apiv2][body] GET https://api.github.com/user {"login":"SophearithSaing","id":45601533,"node_id":"MDQ6VXNlcjQ1NjAxNTMz","avatar_url":"https://avatars.githubusercontent.com/u/45601533?v=4","gravatar_id":"","url":"https://api.github.com/users/SophearithSaing","html_url":"https://github.com/SophearithSaing","followers_url":"https://api.github.com/users/SophearithSaing/followers","following_url":"https://api.github.com/users/SophearithSaing/following{/other_user}","gists_url":"https://api.github.com/users/SophearithSaing/gists{/gist_id}","starred_url":"https://api.github.com/users/SophearithSaing/starred{/owner}{/repo}","subscriptions_url":"https://api.github.com/users/SophearithSaing/subscriptions","organizations_url":"https://api.github.com/users/SophearithSaing/orgs","repos_url":"https://api.github.com/users/SophearithSaing/repos","events_url":"https://api.github.com/users/SophearithSaing/events{/privacy}","received_events_url":"https://api.github.com/users/SophearithSaing/received_events","type":"User","site_admin":false,"name":null,"company":null,"blog":"","location":null,"email":null,"hireable":null,"bio":null,"twitter_username":null,"public_repos":13,"public_gists":1,"followers":0,"following":0,"created_at":"2018-12-04T15:48:10Z","updated_at":"2022-02-13T16:49:01Z","private_gists":0,"total_private_repos":11,"owned_private_repos":11,"disk_usage":107021,"collaborators":0,"two_factor_authentication":false,"plan":{"name":"free","space":976562499,"collaborators":0,"private_repos":10000}}
[info] 
[info] +  Success! Logged into GitHub as SophearithSaing 
[info] 
[debug] [2022-02-14T04:16:03.675Z] >>> [apiv2][query] GET https://api.github.com/repos//actions/secrets/public-key type=owner
[debug] [2022-02-14T04:16:03.997Z] >>> [apiv2][query] GET https://api.github.com/repos//actions/secrets/public-key type=owner
[debug] [2022-02-14T04:16:04.272Z] <<< [apiv2][status] GET https://api.github.com/repos//actions/secrets/public-key 404
[debug] [2022-02-14T04:16:04.272Z] <<< [apiv2][body] GET https://api.github.com/repos//actions/secrets/public-key {"message":"Not Found","documentation_url":"https://docs.github.com/rest"}
[debug] [2022-02-14T04:16:04.488Z] <<< [apiv2][status] GET https://api.github.com/repos//actions/secrets/public-key 404
[debug] [2022-02-14T04:16:04.490Z] <<< [apiv2][body] GET https://api.github.com/repos//actions/secrets/public-key {"message":"Not Found","documentation_url":"https://docs.github.com/rest"}
[debug] [2022-02-14T04:16:04.592Z] >>> [apiv2][query] GET https://api.github.com/repos//actions/secrets/public-key type=owner
[debug] [2022-02-14T04:16:05.012Z] <<< [apiv2][status] GET https://api.github.com/repos//actions/secrets/public-key 404
[debug] [2022-02-14T04:16:05.012Z] <<< [apiv2][body] GET https://api.github.com/repos//actions/secrets/public-key {"message":"Not Found","documentation_url":"https://docs.github.com/rest"}
